Using pre-set license
Built from '2020.3/staging' branch; Version is '2020.3.0f1 (c7b5465681fb) revision 13088070'; Using compiler version '192528614'; Build Type 'Release'
OS: 'Windows 10 Pro; OS build 19042.985; Version 2009; 64bit' Language: 'pl' Physical Memory: 16333 MB
BatchMode: 1, IsHumanControllingUs: 0, StartBugReporterOnCrash: 0, Is64bit: 1, IsPro: 0

 COMMAND LINE ARGUMENTS:
C:\Program Files\Unity\Hub\Editor\2020.3.0f1\Editor\Unity.exe
-adb2
-batchMode
-noUpm
-name
AssetImportWorker0
-projectPath
C:/Users/Kuba/Documents/GitHub/Ocean-Mayhem-2021
-logFile
Logs/AssetImportWorker0.log
-srvPort
64646
Successfully changed project path to: C:/Users/Kuba/Documents/GitHub/Ocean-Mayhem-2021
C:/Users/Kuba/Documents/GitHub/Ocean-Mayhem-2021
Using Asset Import Pipeline V2.
Refreshing native plugins compatible for Editor in 32.76 ms, found 0 plugins.
Preloading 0 native plugins for Editor in 0.00 ms.
Initialize engine version: 2020.3.0f1 (c7b5465681fb)
[Subsystems] Discovering subsystems at path C:/Program Files/Unity/Hub/Editor/2020.3.0f1/Editor/Data/Resources/UnitySubsystems
[Subsystems] Discovering subsystems at path C:/Users/Kuba/Documents/GitHub/Ocean-Mayhem-2021/Assets
GfxDevice: creating device client; threaded=0
Direct3D:
    Version:  Direct3D 11.0 [level 11.1]
    Renderer: NVIDIA GeForce RTX 2060 (ID=0x1f08)
    Vendor:   
    VRAM:     5980 MB
    Driver:   27.21.14.6627
Initialize mono
Mono path[0] = 'C:/Program Files/Unity/Hub/Editor/2020.3.0f1/Editor/Data/Managed'
Mono path[1] = 'C:/Program Files/Unity/Hub/Editor/2020.3.0f1/Editor/Data/MonoBleedingEdge/lib/mono/unityjit'
Mono config path = 'C:/Program Files/Unity/Hub/Editor/2020.3.0f1/Editor/Data/MonoBleedingEdge/etc'
Using monoOptions --debugger-agent=transport=dt_socket,embedding=1,server=y,suspend=n,address=127.0.0.1:56732
Begin MonoManager ReloadAssembly
Registering precompiled unity dll's ...
Register platform support module: C:/Program Files/Unity/Hub/Editor/2020.3.0f1/Editor/Data/PlaybackEngines/WebGLSupport/UnityEditor.WebGL.Extensions.dll
Register platform support module: C:/Program Files/Unity/Hub/Editor/2020.3.0f1/Editor/Data/PlaybackEngines/WindowsStandaloneSupport/UnityEditor.WindowsStandalone.Extensions.dll
Registered in 0.003312 seconds.
Native extension for WindowsStandalone target not found
Native extension for WebGL target not found
Refreshing native plugins compatible for Editor in 31.35 ms, found 0 plugins.
Preloading 0 native plugins for Editor in 0.00 ms.
Invoked RoslynAnalysisRunner static constructor.
RoslynAnalysisRunner will not be running.
RoslynAnalysisRunner has terminated.
Mono: successfully reloaded assembly
- Completed reload, in  1.527 seconds
Platform modules already initialized, skipping
Registering precompiled user dll's ...
Registered in 0.001038 seconds.
Begin MonoManager ReloadAssembly
Native extension for WindowsStandalone target not found
Native extension for WebGL target not found
Refreshing native plugins compatible for Editor in 0.28 ms, found 0 plugins.
Preloading 0 native plugins for Editor in 0.00 ms.
Invoked RoslynAnalysisRunner static constructor.
RoslynAnalysisRunner will not be running.
RoslynAnalysisRunner has terminated.
Mono: successfully reloaded assembly
- Completed reload, in  0.926 seconds
Platform modules already initialized, skipping
========================================================================
Worker process is ready to serve import requests
Launched and connected shader compiler UnityShaderCompiler.exe after 0.05 seconds
Refreshing native plugins compatible for Editor in 0.30 ms, found 0 plugins.
Preloading 0 native plugins for Editor in 0.00 ms.
Unloading 1259 Unused Serialized files (Serialized files now loaded: 0)
System memory in use before: 136.4 MB.
System memory in use after: 136.5 MB.

Unloading 10 unused Assets to reduce memory usage. Loaded Objects now: 1712.
Total: 1.919400 ms (FindLiveObjects: 0.199100 ms CreateObjectMapping: 0.034800 ms MarkObjects: 1.583400 ms  DeleteObjects: 0.100700 ms)

========================================================================
Received Import Request.
  path: Assets/Prefabs/Waves/Wave 1.prefab
  artifactKey: Guid(3b8de3100c3b21748ad0ebe87f03675d) Importer(815301076,1909f56bfc062723c751e8b465ee728b)
Start importing Assets/Prefabs/Waves/Wave 1.prefab using Guid(3b8de3100c3b21748ad0ebe87f03675d) Importer(815301076,1909f56bfc062723c751e8b465ee728b)  -> (artifact id: 'bf9c566c3756aa727c9fc8608f65d414') in 0.145674 seconds
  Import took 0.149450 seconds .

========================================================================
Received Import Request.
  Time since last request: 4.677752 seconds.
  path: Assets/Prefabs/Waves/Wave (3c).prefab
  artifactKey: Guid(5b4432cdef2a75540bbdb5467a209084) Importer(815301076,1909f56bfc062723c751e8b465ee728b)
Start importing Assets/Prefabs/Waves/Wave (3c).prefab using Guid(5b4432cdef2a75540bbdb5467a209084) Importer(815301076,1909f56bfc062723c751e8b465ee728b)  -> (artifact id: 'ad6b63e960004500c8ae3edd7f0095e0') in 0.027110 seconds
  Import took 0.030714 seconds .

========================================================================
Received Import Request.
  Time since last request: 159.304097 seconds.
  path: Assets/Prefabs/Enemies/Boat (tier 1).prefab
  artifactKey: Guid(09419625ea90e2f478b96ae476784b2c) Importer(815301076,1909f56bfc062723c751e8b465ee728b)
Start importing Assets/Prefabs/Enemies/Boat (tier 1).prefab using Guid(09419625ea90e2f478b96ae476784b2c) Importer(815301076,1909f56bfc062723c751e8b465ee728b)  -> (artifact id: 'df62802fefdb12abdf34d18795776263') in 0.020544 seconds
  Import took 0.024360 seconds .

========================================================================
Received Import Request.
  Time since last request: 11.591577 seconds.
  path: Assets/Prefabs/Enemies/Rib (tier 1).prefab
  artifactKey: Guid(09419625ea90e2f478b96ae476784b2c) Importer(815301076,1909f56bfc062723c751e8b465ee728b)
Start importing Assets/Prefabs/Enemies/Rib (tier 1).prefab using Guid(09419625ea90e2f478b96ae476784b2c) Importer(815301076,1909f56bfc062723c751e8b465ee728b)  -> (artifact id: '85e3fb80acb0aed8cee2cb19a3d44a7a') in 0.018115 seconds
  Import took 0.021645 seconds .

========================================================================
Received Import Request.
  Time since last request: 400.006794 seconds.
  path: Assets/Prefabs/Waves/Wave 1Timeline.playable
  artifactKey: Guid(1328938e69df3304a9f9b7ac78696b76) Importer(815301076,1909f56bfc062723c751e8b465ee728b)
Start importing Assets/Prefabs/Waves/Wave 1Timeline.playable using Guid(1328938e69df3304a9f9b7ac78696b76) Importer(815301076,1909f56bfc062723c751e8b465ee728b)  -> (artifact id: '9aec9173d49e054957b95f41805d458c') in 0.013165 seconds
  Import took 0.016289 seconds .

========================================================================
Received Import Request.
  Time since last request: 0.548780 seconds.
  path: Assets/Prefabs/Waves/Wave 2Timeline.playable
  artifactKey: Guid(cdcd160cc5e49c0479016ca8132f56c8) Importer(815301076,1909f56bfc062723c751e8b465ee728b)
Start importing Assets/Prefabs/Waves/Wave 2Timeline.playable using Guid(cdcd160cc5e49c0479016ca8132f56c8) Importer(815301076,1909f56bfc062723c751e8b465ee728b)  -> (artifact id: '63620b19308603c3fe6bce4fbe5c1b7a') in 0.009251 seconds
  Import took 0.012249 seconds .

========================================================================
Received Import Request.
  Time since last request: 0.539932 seconds.
  path: Assets/Prefabs/Waves/Wave 3Timeline.playable
  artifactKey: Guid(ea20061f92ff36e478b50bd66b2d9a31) Importer(815301076,1909f56bfc062723c751e8b465ee728b)
Start importing Assets/Prefabs/Waves/Wave 3Timeline.playable using Guid(ea20061f92ff36e478b50bd66b2d9a31) Importer(815301076,1909f56bfc062723c751e8b465ee728b)  -> (artifact id: 'fd0c1154d3e9bc2c9fdf6fd5719a9677') in 0.009755 seconds
  Import took 0.013034 seconds .

========================================================================
Received Import Request.
  Time since last request: 2.530310 seconds.
  path: Assets/Prefabs/Waves/Wave (3c).prefab
  artifactKey: Guid(5b4432cdef2a75540bbdb5467a209084) Importer(815301076,1909f56bfc062723c751e8b465ee728b)
Start importing Assets/Prefabs/Waves/Wave (3c).prefab using Guid(5b4432cdef2a75540bbdb5467a209084) Importer(815301076,1909f56bfc062723c751e8b465ee728b)  -> (artifact id: '0bf8c0c139529531632449064191f06a') in 0.023404 seconds
  Import took 0.028823 seconds .

========================================================================
Received Import Request.
  Time since last request: 0.006431 seconds.
  path: Assets/Prefabs/Waves/Wave (3c).prefab
  artifactKey: Guid(5b4432cdef2a75540bbdb5467a209084) Importer(815301076,1909f56bfc062723c751e8b465ee728b)
Start importing Assets/Prefabs/Waves/Wave (3c).prefab using Guid(5b4432cdef2a75540bbdb5467a209084) Importer(815301076,1909f56bfc062723c751e8b465ee728b)  -> (artifact id: '0bf8c0c139529531632449064191f06a') in 0.018742 seconds
  Import took 0.022010 seconds .

========================================================================
Received Import Request.
  Time since last request: 24.854959 seconds.
  path: Assets/Prefabs/Waves/Wave (3c)Timeline.playable
  artifactKey: Guid(1328938e69df3304a9f9b7ac78696b76) Importer(815301076,1909f56bfc062723c751e8b465ee728b)
Start importing Assets/Prefabs/Waves/Wave (3c)Timeline.playable using Guid(1328938e69df3304a9f9b7ac78696b76) Importer(815301076,1909f56bfc062723c751e8b465ee728b)  -> (artifact id: 'bf64f9cb86eeed4c8c25a14428072808') in 0.010738 seconds
  Import took 0.013103 seconds .

========================================================================
Received Import Request.
  Time since last request: 9.086076 seconds.
  path: Assets/Prefabs/Waves/Wave (3c).playable
  artifactKey: Guid(1328938e69df3304a9f9b7ac78696b76) Importer(815301076,1909f56bfc062723c751e8b465ee728b)
Start importing Assets/Prefabs/Waves/Wave (3c).playable using Guid(1328938e69df3304a9f9b7ac78696b76) Importer(815301076,1909f56bfc062723c751e8b465ee728b)  -> (artifact id: '0e56830df01332763f542410b2192014') in 0.005190 seconds
  Import took 0.008224 seconds .

========================================================================
Received Import Request.
  Time since last request: 257.422141 seconds.
  path: Assets/Prefabs/Waves/Wave (3r)Timeline.playable
  artifactKey: Guid(de963fdb33165024d9fd10db5cfe29b1) Importer(815301076,1909f56bfc062723c751e8b465ee728b)
Start importing Assets/Prefabs/Waves/Wave (3r)Timeline.playable using Guid(de963fdb33165024d9fd10db5cfe29b1) Importer(815301076,1909f56bfc062723c751e8b465ee728b)  -> (artifact id: 'f0579bf256d050b53bd6876835581ac3') in 0.008819 seconds
  Import took 0.013376 seconds .

========================================================================
Received Import Request.
  Time since last request: 0.634410 seconds.
  path: Assets/Prefabs/Waves/Wave (3c).prefab
  artifactKey: Guid(5b4432cdef2a75540bbdb5467a209084) Importer(815301076,1909f56bfc062723c751e8b465ee728b)
Start importing Assets/Prefabs/Waves/Wave (3c).prefab using Guid(5b4432cdef2a75540bbdb5467a209084) Importer(815301076,1909f56bfc062723c751e8b465ee728b)  -> (artifact id: '37423f13d1c86f1ac21cd509073c7c2a') in 0.022223 seconds
  Import took 0.028421 seconds .

========================================================================
Received Import Request.
  Time since last request: 483.596873 seconds.
  path: Assets/Prefabs/Waves/Wave (1d+2f+2r).prefab
  artifactKey: Guid(d23e5c919be6fb246a3eabf819942e13) Importer(815301076,1909f56bfc062723c751e8b465ee728b)
Start importing Assets/Prefabs/Waves/Wave (1d+2f+2r).prefab using Guid(d23e5c919be6fb246a3eabf819942e13) Importer(815301076,1909f56bfc062723c751e8b465ee728b)  -> (artifact id: 'c026c9e0964181ee9bb17be2ad50d3fd') in 0.024849 seconds
  Import took 0.028254 seconds .

========================================================================
Received Import Request.
  Time since last request: 1972.552917 seconds.
  path: Assets/Prefabs/Waves/Wave (3c+2f).prefab
  artifactKey: Guid(984fa6850ae385647ad9376bc924b74b) Importer(815301076,1909f56bfc062723c751e8b465ee728b)
Start importing Assets/Prefabs/Waves/Wave (3c+2f).prefab using Guid(984fa6850ae385647ad9376bc924b74b) Importer(815301076,1909f56bfc062723c751e8b465ee728b)  -> (artifact id: 'c93cdc3b358e8d7e3449879fe5f364b1') in 0.047821 seconds
  Import took 0.053581 seconds .

========================================================================
Received Import Request.
  Time since last request: 241.903127 seconds.
  path: Assets/Prefabs/Waves/Wave (1b+3f+1c+1d).prefab
  artifactKey: Guid(2b872193918caea419f7069bf60077df) Importer(815301076,1909f56bfc062723c751e8b465ee728b)
Start importing Assets/Prefabs/Waves/Wave (1b+3f+1c+1d).prefab using Guid(2b872193918caea419f7069bf60077df) Importer(815301076,1909f56bfc062723c751e8b465ee728b)  -> (artifact id: 'af71f1c2b0e2ae8ddce41f7af458633c') in 0.030745 seconds
  Import took 0.034677 seconds .

========================================================================
Received Import Request.
  Time since last request: 995.978025 seconds.
  path: Assets/Prefabs/Waves/Wave (3c).prefab
  artifactKey: Guid(5b4432cdef2a75540bbdb5467a209084) Importer(815301076,1909f56bfc062723c751e8b465ee728b)
Start importing Assets/Prefabs/Waves/Wave (3c).prefab using Guid(5b4432cdef2a75540bbdb5467a209084) Importer(815301076,1909f56bfc062723c751e8b465ee728b)  -> (artifact id: '6d10b98abd57952c737d0d20feb2e173') in 0.020409 seconds
  Import took 0.025580 seconds .

========================================================================
Received Import Request.
  Time since last request: 143.620969 seconds.
  path: Assets/Prefabs/Waves/Wave (1d +2r + 1f).prefab
  artifactKey: Guid(1c0e2743085927342a01f46bb85409c3) Importer(815301076,1909f56bfc062723c751e8b465ee728b)
Start importing Assets/Prefabs/Waves/Wave (1d +2r + 1f).prefab using Guid(1c0e2743085927342a01f46bb85409c3) Importer(815301076,1909f56bfc062723c751e8b465ee728b)  -> (artifact id: '7539ef9505c37bff6f68da1631b53010') in 0.024427 seconds
  Import took 0.027779 seconds .

========================================================================
Received Import Request.
  Time since last request: 923.285122 seconds.
  path: Assets/Prefabs/Waves/Wave (3f).prefab
  artifactKey: Guid(f5e730709a549dd4593899028c0856b4) Importer(815301076,1909f56bfc062723c751e8b465ee728b)
Start importing Assets/Prefabs/Waves/Wave (3f).prefab using Guid(f5e730709a549dd4593899028c0856b4) Importer(815301076,1909f56bfc062723c751e8b465ee728b)  -> (artifact id: '923575ae26653ca25a993cb5b5401811') in 0.039173 seconds
  Import took 0.043426 seconds .

========================================================================
Received Import Request.
  Time since last request: 0.000436 seconds.
  path: Assets/Prefabs/Waves/Wave (3f).prefab
  artifactKey: Guid(f5e730709a549dd4593899028c0856b4) Importer(815301076,1909f56bfc062723c751e8b465ee728b)
Start importing Assets/Prefabs/Waves/Wave (3f).prefab using Guid(f5e730709a549dd4593899028c0856b4) Importer(815301076,1909f56bfc062723c751e8b465ee728b)  -> (artifact id: '923575ae26653ca25a993cb5b5401811') in 0.016075 seconds
  Import took 0.019298 seconds .

AssetImportWorkerClient::OnTransportError - code=2 error=End of file
